<?xml version="1.0" encoding="UTF-8"?>
<!-- Generated by org.testng.reporters.JUnitXMLReporter -->
<testsuite ignored="0" hostname="LTIN509717" failures="1" tests="1" name="Test" time="23.086" errors="0" timestamp="2024-04-15T16:59:00 IST">
  <testcase classname="io.cucumber.testng.AbstractTestNGCucumberTests" name="runScenario" time="19.772">
    <failure type="io.cucumber.java.PendingException" message="TODO: implement me">
      <![CDATA[io.cucumber.java.PendingException: TODO: implement me
at stepDefinitions.Coursers_Steps.select_the_beginner_level_filter_option(Coursers_Steps.java:52)
at ✽.select the Beginner level filter option(file:///C:/Users/2327132/eclipse-workspace/Identify_courses/./Features/courses.feature:7)
]]>
    </failure>
  </testcase> <!-- runScenario -->
</testsuite> <!-- Test -->
