<?xml version="1.0" encoding="UTF-8"?>
<testsuite xmlns:xsi="http://www.w3.org/2001/XMLSchema-instance" xsi:noNamespaceSchemaLocation="https://maven.apache.org/surefire/maven-surefire-plugin/xsd/surefire-test-report-3.0.xsd" version="3.0" name="TestSuite" time="202.249" tests="3" errors="0" skipped="0" failures="0">
  <properties>
[...]
</properties>
  <testcase name="runScenario[&quot;Search web development courses and apply filter options ( beginner, English)&quot;, &quot;Identify first two web development courses with English language and Beginner level filters&quot;](1)" classname="testRunner.TestRunner" time="81.037">
    <system-out><![CDATA[
Scenario: Search web development courses and apply filter options ( beginner, English)      # Features/courses.feature:3
  Given User opens the application with provided URL                                        # stepDefinitions.Coursers_Steps.user_opens_the_application_with_provided_url()

    Embedding Search web development courses and apply filter options ( beginner, English)_Success [image/png 318346 bytes]

  When User search for "web development" courses and clicks on search button                # stepDefinitions.Coursers_Steps.user_search_for_courses_and_clicks_on_search_button(java.lang.String)

    Embedding Search web development courses and apply filter options ( beginner, English)_Success [image/png 509588 bytes]

  And select the English Language filter option                                             # stepDefinitions.Coursers_Steps.select_the_english_language_filter_option()

    Embedding Search web development courses and apply filter options ( beginner, English)_Success [image/png 87981 bytes]

  And select the Beginner level filter option                                               # stepDefinitions.Coursers_Steps.select_the_beginner_level_filter_option()

    Embedding Search web development courses and apply filter options ( beginner, English)_Success [image/png 99295 bytes]

  And user click on the first course                                                        # stepDefinitions.Coursers_Steps.user_click_on_the_first_course()

    Embedding Search web development courses and apply filter options ( beginner, English)_Success [image/png 425669 bytes]

  Then user should naviagate to new window for first course                                 # stepDefinitions.Coursers_Steps.user_should_naviagate_to_new_window_for_first_course()

    Embedding Search web development courses and apply filter options ( beginner, English)_Success [image/png 185172 bytes]

Meta Front-End Developer Professional Certificate
4.7
212
  And Collect the title,rating and duration of course in hours                              # stepDefinitions.Coursers_Steps.collect_the_title_rating_and_duration_of_course_in_hours()

    Embedding Search web development courses and apply filter options ( beginner, English)_Success [image/png 77558 bytes]

  And add first course data to excel                                                        # stepDefinitions.Coursers_Steps.add_first_course_data_to_excel()

    Embedding Search web development courses and apply filter options ( beginner, English)_Success [image/png 236484 bytes]

  And After gathering the data,user should navigate back to parent window from child window # stepDefinitions.Coursers_Steps.after_gathering_the_data_user_should_navigate_back_to_parent_window_from_child_window()

    Embedding Search web development courses and apply filter options ( beginner, English)_Success [image/png 377022 bytes]

  When Now User click on the second course                                                  # stepDefinitions.Coursers_Steps.now_user_click_on_the_second_course()

    Embedding Search web development courses and apply filter options ( beginner, English)_Success [image/png 377352 bytes]

  Then user should naviagate to new window for second course                                # stepDefinitions.Coursers_Steps.user_should_naviagate_to_new_window_for_second_course()

    Embedding Search web development courses and apply filter options ( beginner, English)_Success [image/png 184462 bytes]

Web Design for Everybody: Basics of Web Development & Coding Specialization
4.8
74
  And Collect the title,rating and duration of course in hours                              # stepDefinitions.Coursers_Steps.collect_the_title_rating_and_duration_of_course_in_hours()

    Embedding Search web development courses and apply filter options ( beginner, English)_Success [image/png 180920 bytes]

  And add second course data to excel                                                       # stepDefinitions.Coursers_Steps.add_second_course_data_to_excel()

    Embedding Search web development courses and apply filter options ( beginner, English)_Success [image/png 173099 bytes]

  And After gathering the data,user should navigate back to parent window from child window # stepDefinitions.Coursers_Steps.after_gathering_the_data_user_should_navigate_back_to_parent_window_from_child_window()

    Embedding Search web development courses and apply filter options ( beginner, English)_Success [image/png 413131 bytes]

]]></system-out>
    <system-err><![CDATA[SLF4J: Failed to load class "org.slf4j.impl.StaticLoggerBinder".
SLF4J: Defaulting to no-operation (NOP) logger implementation
SLF4J: See http://www.slf4j.org/codes.html#StaticLoggerBinder for further details.
Apr 16, 2024 2:45:59 AM org.openqa.selenium.remote.tracing.opentelemetry.OpenTelemetryTracer createTracer
INFO: Using OpenTelemetry for tracing
]]></system-err>
  </testcase>
  <testcase name="runScenario[&quot;Capture error message&quot;, &quot;Getting Error Message By providing Invalid E-mail ID&quot;](2)" classname="testRunner.TestRunner" time="57.149">
    <system-out><![CDATA[
Scenario: Capture error message                               # Features/enterprise.feature:3
  Given user click on contact sales which is in business page # stepDefinitions.Enterprise_steps.user_click_on_contact_sales_which_is_in_business_page()

    Embedding Capture error message_Success [image/png 119205 bytes]

  When user fill the form and submit it                       # stepDefinitions.Enterprise_steps.user_fill_the_form_and_submit_it()

    Embedding Capture error message_Success [image/png 123672 bytes]

  Then get error message                                      # stepDefinitions.Enterprise_steps.get_error_message()

    Embedding Capture error message_Success [image/png 124797 bytes]

  And store the error message in excel sheet                  # stepDefinitions.Enterprise_steps.store_the_error_message_in_excel_sheet()

    Embedding Capture error message_Success [image/png 124797 bytes]

]]></system-out>
  </testcase>
  <testcase name="runScenario[&quot;Finding total languages and levels in language learning&quot;, &quot;Languages and levels in language learning&quot;](3)" classname="testRunner.TestRunner" time="55.484">
    <system-out><![CDATA[
Scenario: Finding total languages and levels in language learning # Features/total_languages_and_levels.feature:3
  Given User open the application                                 # stepDefinitions.Language_learning_Steps.user_open_the_application()

    Embedding Finding total languages and levels in language learning_Success [image/png 353626 bytes]

  When user click on explore dropdown                             # stepDefinitions.Language_learning_Steps.user_click_on_explore_dropdown()

    Embedding Finding total languages and levels in language learning_Success [image/png 317193 bytes]

  And select the language learning subject                        # stepDefinitions.Language_learning_Steps.select_the_language_learning_subject()

    Embedding Finding total languages and levels in language learning_Success [image/png 317193 bytes]

  And select All language courses section                         # stepDefinitions.Language_learning_Steps.select_all_language_courses_section()

    Embedding Finding total languages and levels in language learning_Success [image/png 240595 bytes]

  Then it should load a new page with all courses                 # stepDefinitions.Language_learning_Steps.it_should_load_a_new_page_with_all_courses()

    Embedding Finding total languages and levels in language learning_Success [image/png 240595 bytes]

  When user click on show more option under language section      # stepDefinitions.Language_learning_Steps.user_click_on_show_more_option_under_language_section()

    Embedding Finding total languages and levels in language learning_Success [image/png 180966 bytes]

25
English
Spanish
Arabic
French
Portuguese
Japanese
Korean
Chinese
German
Indonesian
Ukrainian
Hindi
Italian
Swedish
Dutch
Greek
Polish
Thai
Turkish
Russian
Kazakh
Hungarian
Chinese
Hebrew
Portuguese
  Then all languages will be displayed,collect all languages      # stepDefinitions.Language_learning_Steps.all_languages_will_be_displayed_collect_all_languages()

    Embedding Finding total languages and levels in language learning_Success [image/png 181165 bytes]

  And store all languages in excel sheet                          # stepDefinitions.Language_learning_Steps.store_all_languages_in_excel_sheet()

    Embedding Finding total languages and levels in language learning_Success [image/png 181165 bytes]

  When user click on close button                                 # stepDefinitions.Language_learning_Steps.user_click_on_close_button()

    Embedding Finding total languages and levels in language learning_Success [image/png 233446 bytes]

4
Beginner
Intermediate
Advanced
Mixed
  And collect all levels under level section                      # stepDefinitions.Language_learning_Steps.collect_all_levels_under_level_section()

    Embedding Finding total languages and levels in language learning_Success [image/png 240595 bytes]

  And store all levels in excel sheet                             # stepDefinitions.Language_learning_Steps.store_all_levels_in_excel_sheet()

    Embedding Finding total languages and levels in language learning_Success [image/png 240595 bytes]

]]></system-out>
  </testcase>
</testsuite>