<?xml version="1.0" encoding="UTF-8"?>
<testng-results ignored="0" total="3" passed="3" failed="0" skipped="0">
  <reporter-output>
  </reporter-output>
  <suite started-at="2024-04-18T20:51:18 IST" name="Suite" finished-at="2024-04-18T20:52:52 IST" duration-ms="94548">
    <groups>
      <group name="cucumber">
        <method signature="AbstractTestNGCucumberTests.runScenario(io.cucumber.testng.PickleWrapper,io.cucumber.testng.FeatureWrapper)[pri:0, instance:testRunner.TestRunner@235ecd9f]" name="runScenario" class="io.cucumber.testng.AbstractTestNGCucumberTests"/>
      </group> <!-- cucumber -->
    </groups>
    <test started-at="2024-04-18T20:51:18 IST" name="Test" finished-at="2024-04-18T20:52:52 IST" duration-ms="94548">
      <class name="testRunner.TestRunner">
        <test-method is-config="true" signature="setUpClass(org.testng.ITestContext)[pri:0, instance:testRunner.TestRunner@235ecd9f]" started-at="2024-04-18T20:51:18 IST" name="setUpClass" finished-at="2024-04-18T20:51:19 IST" duration-ms="1150" status="PASS">
          <params>
            <param index="0">
              <value>
                <![CDATA[org.testng.TestRunner@48f4264e]]>
              </value>
            </param>
          </params>
          <reporter-output>
          </reporter-output>
        </test-method> <!-- setUpClass -->
        <test-method signature="runScenario(io.cucumber.testng.PickleWrapper,io.cucumber.testng.FeatureWrapper)[pri:0, instance:testRunner.TestRunner@235ecd9f]" started-at="2024-04-18T20:51:19 IST" name="runScenario" description="Runs Cucumber Scenarios" data-provider="scenarios" finished-at="2024-04-18T20:51:50 IST" duration-ms="31458" status="PASS">
          <params>
            <param index="0">
              <value>
                <![CDATA["Search web development courses and apply filter options ( beginner, English)"]]>
              </value>
            </param>
            <param index="1">
              <value>
                <![CDATA["Identify first two web development courses with English language and Beginner level filters"]]>
              </value>
            </param>
          </params>
          <reporter-output>
          </reporter-output>
        </test-method> <!-- runScenario -->
        <test-method signature="runScenario(io.cucumber.testng.PickleWrapper,io.cucumber.testng.FeatureWrapper)[pri:0, instance:testRunner.TestRunner@235ecd9f]" started-at="2024-04-18T20:51:50 IST" name="runScenario" description="Runs Cucumber Scenarios" data-provider="scenarios" finished-at="2024-04-18T20:52:11 IST" duration-ms="20821" status="PASS">
          <params>
            <param index="0">
              <value>
                <![CDATA["Finding total languages and levels in language learning"]]>
              </value>
            </param>
            <param index="1">
              <value>
                <![CDATA["Languages and levels in language learning"]]>
              </value>
            </param>
          </params>
          <reporter-output>
          </reporter-output>
        </test-method> <!-- runScenario -->
        <test-method signature="runScenario(io.cucumber.testng.PickleWrapper,io.cucumber.testng.FeatureWrapper)[pri:0, instance:testRunner.TestRunner@235ecd9f]" started-at="2024-04-18T20:52:11 IST" name="runScenario" description="Runs Cucumber Scenarios" data-provider="scenarios" finished-at="2024-04-18T20:52:33 IST" duration-ms="22239" status="PASS">
          <params>
            <param index="0">
              <value>
                <![CDATA["Capture error message"]]>
              </value>
            </param>
            <param index="1">
              <value>
                <![CDATA["Getting Error Message By providing Invalid E-mail ID"]]>
              </value>
            </param>
          </params>
          <reporter-output>
          </reporter-output>
        </test-method> <!-- runScenario -->
        <test-method is-config="true" signature="tearDownClass()[pri:0, instance:testRunner.TestRunner@235ecd9f]" started-at="2024-04-18T20:52:33 IST" name="tearDownClass" finished-at="2024-04-18T20:52:52 IST" duration-ms="18816" status="PASS">
          <reporter-output>
          </reporter-output>
        </test-method> <!-- tearDownClass -->
      </class> <!-- testRunner.TestRunner -->
    </test> <!-- Test -->
  </suite> <!-- Suite -->
</testng-results>
