<?xml version="1.0" encoding="UTF-8"?>
<testsuite xmlns:xsi="http://www.w3.org/2001/XMLSchema-instance" xsi:noNamespaceSchemaLocation="https://maven.apache.org/surefire/maven-surefire-plugin/xsd/surefire-test-report-3.0.xsd" version="3.0" name="TestSuite" time="95.195" tests="3" errors="0" skipped="0" failures="0">
  <properties>
[...]
</properties>
  <testcase name="runScenario[&quot;Search web development courses and apply filter options ( beginner, English)&quot;, &quot;Identify first two web development courses with English language and Beginner level filters&quot;](1)" classname="testRunner.TestRunner" time="31.464">
    <system-out><![CDATA[
@smoke @functional
Scenario: Search web development courses and apply filter options ( beginner, English)      # Features/1_courses.feature:3
  Given User opens the application with provided URL                                        # stepDefinitions.Courses_Steps.user_opens_the_application_with_provided_url()

    Embedding Search web development courses and apply filter options ( beginner, English)_Success [image/png 318601 bytes]

  When User search for "web development" courses and clicks on search button                # stepDefinitions.Courses_Steps.user_search_for_courses_and_clicks_on_search_button(java.lang.String)

    Embedding Search web development courses and apply filter options ( beginner, English)_Success [image/png 508639 bytes]

  And select the English Language filter option                                             # stepDefinitions.Courses_Steps.select_the_english_language_filter_option()

    Embedding Search web development courses and apply filter options ( beginner, English)_Success [image/png 104406 bytes]

  And select the Beginner level filter option                                               # stepDefinitions.Courses_Steps.select_the_beginner_level_filter_option()

    Embedding Search web development courses and apply filter options ( beginner, English)_Success [image/png 85720 bytes]

  And user click on the first course                                                        # stepDefinitions.Courses_Steps.user_click_on_the_first_course()

    Embedding Search web development courses and apply filter options ( beginner, English)_Success [image/png 527577 bytes]

  Then user should naviagate to new window for first course                                 # stepDefinitions.Courses_Steps.user_should_naviagate_to_new_window_for_first_course()

    Embedding Search web development courses and apply filter options ( beginner, English)_Success [image/png 183779 bytes]

Course Name: Meta Front-End Developer Professional Certificate
Course Rating: 4.7
Duration of course in hours: 212
  And Collect the title,rating and duration of course in hours                              # stepDefinitions.Courses_Steps.collect_the_title_rating_and_duration_of_course_in_hours()

    Embedding Search web development courses and apply filter options ( beginner, English)_Success [image/png 170969 bytes]

  And add first course data to excel                                                        # stepDefinitions.Courses_Steps.add_first_course_data_to_excel()

    Embedding Search web development courses and apply filter options ( beginner, English)_Success [image/png 80920 bytes]

  And After gathering the data,user should navigate back to parent window from child window # stepDefinitions.Courses_Steps.after_gathering_the_data_user_should_navigate_back_to_parent_window_from_child_window()

    Embedding Search web development courses and apply filter options ( beginner, English)_Success [image/png 517026 bytes]

  When Now User click on the second course                                                  # stepDefinitions.Courses_Steps.now_user_click_on_the_second_course()

    Embedding Search web development courses and apply filter options ( beginner, English)_Success [image/png 517026 bytes]

  Then user should naviagate to new window for second course                                # stepDefinitions.Courses_Steps.user_should_naviagate_to_new_window_for_second_course()

    Embedding Search web development courses and apply filter options ( beginner, English)_Success [image/png 184412 bytes]

Course Name: Web Design for Everybody: Basics of Web Development & Coding Specialization
Course Rating: 4.8
Duration of course in hours: 74
  And Collect the title,rating and duration of course in hours                              # stepDefinitions.Courses_Steps.collect_the_title_rating_and_duration_of_course_in_hours()

    Embedding Search web development courses and apply filter options ( beginner, English)_Success [image/png 215719 bytes]

  And add second course data to excel                                                       # stepDefinitions.Courses_Steps.add_second_course_data_to_excel()

    Embedding Search web development courses and apply filter options ( beginner, English)_Success [image/png 207849 bytes]

  And After gathering the data,user should navigate back to parent window from child window # stepDefinitions.Courses_Steps.after_gathering_the_data_user_should_navigate_back_to_parent_window_from_child_window()

    Embedding Search web development courses and apply filter options ( beginner, English)_Success [image/png 517026 bytes]

]]></system-out>
    <system-err><![CDATA[SLF4J: Failed to load class "org.slf4j.impl.StaticLoggerBinder".
SLF4J: Defaulting to no-operation (NOP) logger implementation
SLF4J: See http://www.slf4j.org/codes.html#StaticLoggerBinder for further details.
]]></system-err>
  </testcase>
  <testcase name="runScenario[&quot;Finding total languages and levels in language learning&quot;, &quot;Languages and levels in language learning&quot;](2)" classname="testRunner.TestRunner" time="20.81">
    <system-out><![CDATA[
@smoke
Scenario: Finding total languages and levels in language learning # Features/2_languageLearning.feature:3
  Given User open the application                                 # stepDefinitions.Language_learning_Steps.user_open_the_application()

    Embedding Finding total languages and levels in language learning_Success [image/png 297309 bytes]

  When user click on explore dropdown                             # stepDefinitions.Language_learning_Steps.user_click_on_explore_dropdown()

    Embedding Finding total languages and levels in language learning_Success [image/png 297309 bytes]

  And select the language learning subject                        # stepDefinitions.Language_learning_Steps.select_the_language_learning_subject()

    Embedding Finding total languages and levels in language learning_Success [image/png 297293 bytes]

  And select All language courses under Popular skills section    # stepDefinitions.Language_learning_Steps.select_all_language_courses_under_Popular_skills_section()

    Embedding Finding total languages and levels in language learning_Success [image/png 227897 bytes]

  Then it should load a new page with all courses                 # stepDefinitions.Language_learning_Steps.it_should_load_a_new_page_with_all_courses()

    Embedding Finding total languages and levels in language learning_Success [image/png 227897 bytes]

  When user click on show more option under language section      # stepDefinitions.Language_learning_Steps.user_click_on_show_more_option_under_language_section()

    Embedding Finding total languages and levels in language learning_Success [image/png 182530 bytes]

Total languages count: 25
Language names:
English
Spanish
Arabic
French
Portuguese
Japanese
Korean
Chinese
German
Indonesian
Ukrainian
Hindi
Italian
Swedish
Dutch
Greek
Polish
Thai
Turkish
Russian
Kazakh
Hungarian
Chinese
Hebrew
Portuguese
  Then all languages will be displayed,collect all languages      # stepDefinitions.Language_learning_Steps.all_languages_will_be_displayed_collect_all_languages()

    Embedding Finding total languages and levels in language learning_Success [image/png 182530 bytes]

  And store all languages in excel sheet                          # stepDefinitions.Language_learning_Steps.store_all_languages_in_excel_sheet()

    Embedding Finding total languages and levels in language learning_Success [image/png 182530 bytes]

  When user click on close button                                 # stepDefinitions.Language_learning_Steps.user_click_on_close_button()

    Embedding Finding total languages and levels in language learning_Success [image/png 227897 bytes]

Levels count: 4
Level names:
Beginner
Intermediate
Advanced
Mixed
  And collect all levels under level section                      # stepDefinitions.Language_learning_Steps.collect_all_levels_under_level_section()

    Embedding Finding total languages and levels in language learning_Success [image/png 227897 bytes]

  And store all levels in excel sheet                             # stepDefinitions.Language_learning_Steps.store_all_levels_in_excel_sheet()

    Embedding Finding total languages and levels in language learning_Success [image/png 227897 bytes]

]]></system-out>
  </testcase>
  <testcase name="runScenario[&quot;Capture error message&quot;, &quot;Getting Error Message By providing Invalid E-mail ID&quot;](3)" classname="testRunner.TestRunner" time="22.24">
    <system-out><![CDATA[
@smoke @Regression
Scenario: Capture error message              # Features/3_enterprise.feature:3
  Given user is in business page             # stepDefinitions.Enterprise_steps.user_is_in_business_page()

    Embedding Capture error message_Success [image/png 622296 bytes]

  When user click on contact sales           # stepDefinitions.Enterprise_steps.user_click_on_contact_sales()

    Embedding Capture error message_Success [image/png 119205 bytes]

  And user fill the form and submit it       # stepDefinitions.Enterprise_steps.user_fill_the_form_and_submit_it()

    Embedding Capture error message_Success [image/png 119224 bytes]

Error message for Invalid email-id: 
Must be valid email.
example@yourdomain.com
  Then get error message                     # stepDefinitions.Enterprise_steps.get_error_message()

    Embedding Capture error message_Success [image/png 137002 bytes]

  And store the error message in excel sheet # stepDefinitions.Enterprise_steps.store_the_error_message_in_excel_sheet()

    Embedding Capture error message_Success [image/png 137002 bytes]

]]></system-out>
  </testcase>
</testsuite>