<?xml version="1.0" encoding="UTF-8"?>
<testng-results ignored="0" total="1" passed="1" failed="0" skipped="0">
  <reporter-output>
  </reporter-output>
  <suite started-at="2024-04-24T15:16:47 IST" name="Suite" finished-at="2024-04-24T15:17:41 IST" duration-ms="53106">
    <groups>
      <group name="cucumber">
        <method signature="AbstractTestNGCucumberTests.runScenario(io.cucumber.testng.PickleWrapper,io.cucumber.testng.FeatureWrapper)[pri:0, instance:testRunner.TestRunner@4a8a60bc]" name="runScenario" class="io.cucumber.testng.AbstractTestNGCucumberTests"/>
      </group> <!-- cucumber -->
    </groups>
    <test started-at="2024-04-24T15:16:47 IST" name="Test" finished-at="2024-04-24T15:17:41 IST" duration-ms="53106">
      <class name="testRunner.TestRunner">
        <test-method is-config="true" signature="setUpClass(org.testng.ITestContext)[pri:0, instance:testRunner.TestRunner@4a8a60bc]" started-at="2024-04-24T15:16:47 IST" name="setUpClass" finished-at="2024-04-24T15:16:48 IST" duration-ms="936" status="PASS">
          <params>
            <param index="0">
              <value>
                <![CDATA[org.testng.TestRunner@6f655dbd]]>
              </value>
            </param>
          </params>
          <reporter-output>
          </reporter-output>
        </test-method> <!-- setUpClass -->
        <test-method signature="runScenario(io.cucumber.testng.PickleWrapper,io.cucumber.testng.FeatureWrapper)[pri:0, instance:testRunner.TestRunner@4a8a60bc]" started-at="2024-04-24T15:16:48 IST" name="runScenario" description="Runs Cucumber Scenarios" data-provider="scenarios" finished-at="2024-04-24T15:17:31 IST" duration-ms="42421" status="PASS">
          <params>
            <param index="0">
              <value>
                <![CDATA["Search web development courses and apply filter options ( beginner, English)"]]>
              </value>
            </param>
            <param index="1">
              <value>
                <![CDATA["Identify first two web development courses with English language and Beginner level filters"]]>
              </value>
            </param>
          </params>
          <reporter-output>
          </reporter-output>
        </test-method> <!-- runScenario -->
        <test-method is-config="true" signature="tearDownClass()[pri:0, instance:testRunner.TestRunner@4a8a60bc]" started-at="2024-04-24T15:17:31 IST" name="tearDownClass" finished-at="2024-04-24T15:17:41 IST" duration-ms="9704" status="PASS">
          <reporter-output>
          </reporter-output>
        </test-method> <!-- tearDownClass -->
      </class> <!-- testRunner.TestRunner -->
    </test> <!-- Test -->
  </suite> <!-- Suite -->
</testng-results>
