<?xml version="1.0" encoding="UTF-8"?>
<!-- Generated by org.testng.reporters.JUnitReportReporter -->
<testsuite hostname="LTIN509717" failures="0" tests="1" name="testRunner.TestRunner" time="19.772" errors="1" timestamp="2024-04-15T16:59:00 IST" skipped="0">
  <testcase classname="testRunner.TestRunner" name="runScenario" time="19.772">
    <error message="TODO: implement me" type="io.cucumber.java.PendingException">
      <![CDATA[io.cucumber.java.PendingException: TODO: implement me
at stepDefinitions.Coursers_Steps.select_the_beginner_level_filter_option(Coursers_Steps.java:52)
at ✽.select the Beginner level filter option(file:///C:/Users/2327132/eclipse-workspace/Identify_courses/./Features/courses.feature:7)
]]>
    </error>
  </testcase> <!-- runScenario -->
</testsuite> <!-- testRunner.TestRunner -->
